
Circuit 1 cell sky130_fd_pr__pfet_01v8 and Circuit 2 cell sky130_fd_pr__pfet_01v8 are black boxes.
Equate elements:  no current cell.
Device classes sky130_fd_pr__pfet_01v8 and sky130_fd_pr__pfet_01v8 are equivalent.

Circuit 1 cell sky130_fd_pr__nfet_01v8 and Circuit 2 cell sky130_fd_pr__nfet_01v8 are black boxes.
Equate elements:  no current cell.
Device classes sky130_fd_pr__nfet_01v8 and sky130_fd_pr__nfet_01v8 are equivalent.

Subcircuit summary:
Circuit 1: sram_1.spice                    |Circuit 2: sram.spice                      
-------------------------------------------|-------------------------------------------
sky130_fd_pr__pfet_01v8 (2)                |sky130_fd_pr__pfet_01v8 (2)                
sky130_fd_pr__nfet_01v8 (4)                |sky130_fd_pr__nfet_01v8 (4)                
Number of devices: 6                       |Number of devices: 6                       
Number of nets: 7                          |Number of nets: 7                          
---------------------------------------------------------------------------------------
Resolving symmetries by property value.
Resolving symmetries by pin name.
Netlists match uniquely with property errors.
sky130_fd_pr__pfet_01v8:2 vs. sky130_fd_pr__pfet_01v8:M4:
 w circuit1: 1   circuit2: 2   (delta=66.7%, cutoff=1%)
sky130_fd_pr__pfet_01v8:0 vs. sky130_fd_pr__pfet_01v8:M3:
 w circuit1: 1   circuit2: 2   (delta=66.7%, cutoff=1%)
Cells have no pins;  pin matching not needed.
Device classes sram_1.spice and sram.spice are equivalent.

Final result: Circuits match uniquely.
Property errors were found.

The following cells had property errors:
 sram_1.spice
